0 info it worked if it ends with ok
1 verbose cli [ 'node',
1 verbose cli   '/usr/local/bin/npm',
1 verbose cli   'install',
1 verbose cli   'gulp-shopify',
1 verbose cli   '--save-dev' ]
2 info using npm@1.4.3
3 info using node@v0.10.26
4 verbose readDependencies using package.json deps
5 verbose cache add [ 'gulp-shopify', null ]
6 verbose cache add name=undefined spec="gulp-shopify" args=["gulp-shopify",null]
7 verbose parsed url { protocol: null,
7 verbose parsed url   slashes: null,
7 verbose parsed url   auth: null,
7 verbose parsed url   host: null,
7 verbose parsed url   port: null,
7 verbose parsed url   hostname: null,
7 verbose parsed url   hash: null,
7 verbose parsed url   search: null,
7 verbose parsed url   query: null,
7 verbose parsed url   pathname: 'gulp-shopify',
7 verbose parsed url   path: 'gulp-shopify',
7 verbose parsed url   href: 'gulp-shopify' }
8 silly lockFile c5dc17cb-gulp-shopify gulp-shopify
9 verbose lock gulp-shopify /Users/Arden/.npm/c5dc17cb-gulp-shopify.lock
10 silly lockFile c5dc17cb-gulp-shopify gulp-shopify
11 silly lockFile c5dc17cb-gulp-shopify gulp-shopify
12 verbose addNamed [ 'gulp-shopify', '' ]
13 verbose addNamed [ null, '*' ]
14 silly lockFile f5c83c3e-gulp-shopify gulp-shopify@
15 verbose lock gulp-shopify@ /Users/Arden/.npm/f5c83c3e-gulp-shopify.lock
16 silly addNameRange { name: 'gulp-shopify', range: '*', hasData: false }
17 verbose url raw gulp-shopify
18 verbose url resolving [ 'https://registry.npmjs.org/', './gulp-shopify' ]
19 verbose url resolved https://registry.npmjs.org/gulp-shopify
20 info trying registry request attempt 1 at 16:58:45
21 http GET https://registry.npmjs.org/gulp-shopify
22 http 404 https://registry.npmjs.org/gulp-shopify
23 silly registry.get cb [ 404,
23 silly registry.get   { server: 'CouchDB/1.5.0 (Erlang OTP/R16B03)',
23 silly registry.get     'content-type': 'application/json',
23 silly registry.get     'cache-control': 'max-age=0',
23 silly registry.get     'content-length': '51',
23 silly registry.get     'accept-ranges': 'bytes',
23 silly registry.get     date: 'Sat, 20 Jun 2015 14:58:46 GMT',
23 silly registry.get     via: '1.1 varnish',
23 silly registry.get     age: '0',
23 silly registry.get     connection: 'keep-alive',
23 silly registry.get     'x-served-by': 'cache-ams4143-AMS',
23 silly registry.get     'x-cache': 'MISS',
23 silly registry.get     'x-cache-hits': '0',
23 silly registry.get     'x-timer': 'S1434812325.575526,VS0,VE766' } ]
24 silly lockFile f5c83c3e-gulp-shopify gulp-shopify@
25 silly lockFile f5c83c3e-gulp-shopify gulp-shopify@
26 error 404 'gulp-shopify' is not in the npm registry.
26 error 404 You should bug the author to publish it
26 error 404 It was specified as a dependency of 'shopify-jade-theme'
26 error 404
26 error 404 Note that you can also install from a
26 error 404 tarball, folder, or http url, or git url.
27 error System Darwin 14.3.0
28 error command "node" "/usr/local/bin/npm" "install" "gulp-shopify" "--save-dev"
29 error cwd /Applications/XAMPP/xamppfiles/htdocs/clients/shopify.theme
30 error node -v v0.10.26
31 error npm -v 1.4.3
32 error code E404
33 verbose exit [ 1, true ]
